<?xml version="1.0" encoding="UTF-8" ?>
<testsuite tests="1" failures="1" name="all.issue3025TransferUs.Issue3025TransferUsTest" time="0.075" errors="0" skipped="0">
  <properties>
[...]
</properties>
  <testcase classname="all.issue3025TransferUs.Issue3025TransferUsTest" name="all.issue3025TransferUs.Issue3025TransferUsTest.test3025TransferUs" time="0.075">
    <failure message="Cannot invoke &quot;org.openqa.selenium.WebDriver.navigate()&quot; because &quot;this.driver&quot; is null" type="java.lang.NullPointerException">java.lang.NullPointerException: Cannot invoke &quot;org.openqa.selenium.WebDriver.navigate()&quot; because &quot;this.driver&quot; is null
	at all.issue3025TransferUs.Issue3025TransferUsMainPage.open(Issue3025TransferUsMainPage.java:84)
	at all.issue3025TransferUs.Issue3025TransferUsTest.test3025TransferUs(Issue3025TransferUsTest.java:14)
</failure>
  </testcase>
</testsuite>